TN:
SF:script/Counter.s.sol
DA:10,0
FN:10,CounterScript.setUp
FNDA:0,CounterScript.setUp
DA:12,0
FN:12,CounterScript.run
FNDA:0,CounterScript.run
DA:13,0
DA:15,0
DA:17,0
FNF:2
FNH:0
LF:5
LH:0
BRF:0
BRH:0
end_of_record
TN:
SF:src/BitbitAccessControl.sol
DA:54,5
FN:54,BitbitAccessControl.onlyOwner
FNDA:5,BitbitAccessControl.onlyOwner
DA:55,5
BRDA:55,0,0,1
DA:59,2
FN:59,BitbitAccessControl.whenPaused
FNDA:2,BitbitAccessControl.whenPaused
DA:60,2
BRDA:60,1,0,1
DA:64,12
FN:64,BitbitAccessControl.whenNotPaused
FNDA:12,BitbitAccessControl.whenNotPaused
DA:65,1
BRDA:65,2,0,1
DA:71,48
FN:71,BitbitAccessControl.constructor
FNDA:48,BitbitAccessControl.constructor
DA:72,48
BRDA:72,3,0,1
DA:73,1
DA:76,47
DA:77,138
BRDA:77,4,0,1
DA:79,137
DA:80,138
BRDA:80,5,0,1
DA:82,136
DA:83,136
DA:84,136
DA:87,45
DA:93,11
FN:93,BitbitAccessControl.requestPause
FNDA:11,BitbitAccessControl.requestPause
DA:94,11
DA:96,1
BRDA:96,6,0,1
DA:97,10
DA:98,10
DA:100,10
DA:103,10
DA:104,10
DA:105,14
BRDA:105,7,0,14
DA:108,10
BRDA:108,8,0,4
DA:109,4
DA:112,4
DA:113,12
DA:115,12
DA:118,4
DA:123,1
FN:123,BitbitAccessControl.unpause
FNDA:1,BitbitAccessControl.unpause
DA:124,1
DA:125,1
DA:126,1
DA:134,4
FN:134,BitbitAccessControl.requestTimelockChange
FNDA:4,BitbitAccessControl.requestTimelockChange
DA:138,1
BRDA:138,9,0,1
DA:140,3
DA:141,3
DA:142,3
DA:144,3
DA:148,3
FN:148,BitbitAccessControl.executeTimelockChange
FNDA:3,BitbitAccessControl.executeTimelockChange
DA:149,3
BRDA:149,10,0,1
DA:150,2
BRDA:150,11,0,1
DA:155,1
DA:159,3
FN:159,BitbitAccessControl.updateDelay
FNDA:3,BitbitAccessControl.updateDelay
DA:160,3
BRDA:160,12,0,2
DA:162,1
DA:163,1
DA:165,1
DA:170,1
FN:170,BitbitAccessControl.getOwners
FNDA:1,BitbitAccessControl.getOwners
DA:171,1
DA:174,2
FN:174,BitbitAccessControl.isTimelockReady
FNDA:2,BitbitAccessControl.isTimelockReady
DA:177,2
DA:178,2
FNF:11
FNH:11
LF:56
LH:56
BRF:13
BRH:13
end_of_record
TN:
SF:src/Counter.sol
DA:7,258
FN:7,Counter.setNumber
FNDA:258,Counter.setNumber
DA:8,258
DA:11,1
FN:11,Counter.increment
FNDA:1,Counter.increment
DA:12,1
FNF:2
FNH:2
LF:4
LH:4
BRF:0
BRH:0
end_of_record
TN:
SF:src/EscrowSwap.sol
DA:92,2
FN:92,EscrowSwap.onlyPlatform
FNDA:2,EscrowSwap.onlyPlatform
DA:93,2
BRDA:93,0,0,0
DA:97,262
FN:97,EscrowSwap.validSwap
FNDA:262,EscrowSwap.validSwap
DA:98,262
BRDA:98,1,0,0
DA:104,281
FN:104,EscrowSwap.constructor
FNDA:281,EscrowSwap.constructor
DA:110,281
BRDA:110,2,0,0
DA:111,0
DA:113,281
BRDA:113,3,0,0
DA:114,0
DA:117,281
DA:118,281
DA:119,281
DA:120,281
DA:127,788
FN:127,EscrowSwap.deposit
FNDA:788,EscrowSwap.deposit
DA:134,788
BRDA:134,4,0,1
DA:135,787
BRDA:135,5,0,1
DA:136,786
BRDA:136,6,0,1
DA:137,1
BRDA:137,7,0,1
DA:140,784
DA:143,784
DA:144,784
DA:147,784
DA:148,784
DA:161,784
DA:163,784
DA:176,263
FN:176,EscrowSwap.executeSwap
FNDA:263,EscrowSwap.executeSwap
DA:179,263
DA:181,263
BRDA:181,8,0,1
DA:182,262
BRDA:182,9,0,1
DA:185,261
DA:189,261
DA:192,261
DA:195,261
DA:201,261
DA:213,262
FN:213,EscrowSwap.refundIfFailed
FNDA:262,EscrowSwap.refundIfFailed
DA:216,262
DA:218,262
BRDA:218,10,0,2
DA:221,260
BRDA:221,11,0,1
DA:222,1
DA:226,259
DA:229,259
DA:231,259
DA:237,2
FN:237,EscrowSwap.setCommissionBps
FNDA:2,EscrowSwap.setCommissionBps
DA:240,2
BRDA:240,12,0,1
DA:242,1
DA:243,1
DA:245,1
DA:249,2
FN:249,EscrowSwap.setTokenHash
FNDA:2,EscrowSwap.setTokenHash
DA:253,2
BRDA:253,13,0,0
DA:255,2
DA:256,2
BRDA:256,14,0,1
DA:258,1
DA:263,520
FN:263,EscrowSwap.getSwap
FNDA:520,EscrowSwap.getSwap
DA:266,520
DA:269,1
FN:269,EscrowSwap.getCommissionBps
FNDA:1,EscrowSwap.getCommissionBps
DA:270,1
FNF:10
FNH:10
LF:56
LH:54
BRF:15
BRH:10
end_of_record
TN:
SF:src/MockERC20.sol
DA:10,25
FN:10,MockERC20.constructor
FNDA:25,MockERC20.constructor
DA:15,25
DA:18,0
FN:18,MockERC20.decimals
FNDA:0,MockERC20.decimals
DA:19,0
DA:22,793
FN:22,MockERC20.mint
FNDA:793,MockERC20.mint
DA:23,793
DA:26,0
FN:26,MockERC20.burn
FNDA:0,MockERC20.burn
DA:27,0
FNF:4
FNH:2
LF:8
LH:4
BRF:0
BRH:0
end_of_record
TN:
SF:src/ReservationToken.sol
DA:31,267
FN:31,ReservationToken.onlyMinter
FNDA:267,ReservationToken.onlyMinter
DA:32,267
BRDA:32,0,0,1
DA:42,37
FN:42,ReservationToken.setMinter
FNDA:37,ReservationToken.setMinter
DA:43,1
BRDA:43,1,0,1
DA:44,36
BRDA:44,2,0,1
DA:46,35
DA:47,35
DA:49,35
DA:57,266
FN:57,ReservationToken.mint
FNDA:266,ReservationToken.mint
DA:62,266
BRDA:62,3,0,1
DA:63,265
BRDA:63,4,0,1
DA:65,264
DA:67,264
DA:68,264
DA:70,264
DA:74,1
FN:74,ReservationToken.tokenURI
FNDA:1,ReservationToken.tokenURI
DA:77,1
DA:80,0
FN:80,ReservationToken.supportsInterface
FNDA:0,ReservationToken.supportsInterface
DA:88,0
FNF:5
FNH:4
LF:19
LH:17
BRF:5
BRH:5
end_of_record
